[2024-10-03 01:10:31] process_adjustment.php: Invalid input. product_id: , adjustment_quantity: 60, reference: 
[2024-10-03 01:10:38] process_adjustment.php: Invalid input. product_id: , adjustment_quantity: 60, reference: 
[2024-10-03 01:10:48] process_adjustment.php: Invalid input. product_id: , adjustment_quantity: 60, reference: 
[2024-10-03 01:10:55] process_adjustment.php: Invalid input. product_id: , adjustment_quantity: 60, reference: 
[2024-10-03 01:11:05] process_adjustment.php: Invalid input. product_id: , adjustment_quantity: 60, reference: 
[2024-10-03 01:14:14] process_adjustment.php: Invalid input. product_id: , adjustment_quantity: 60, reference: adjustment_reference
[2024-10-03 01:15:05] process_adjustment.php: Invalid input. product_id: , adjustment_quantity: 60, reference: adjustment_reference
[2024-10-03 01:16:48] process_adjustment.php: Invalid input. product_id: , adjustment_quantity: 60, barcode: 200110212312, reference: adjustment_reference
[2024-10-03 01:25:05] process_adjustment.php: Received data - product_id: 5, adjustment_quantity: 60, adjustment_reason: asd, barcode: 200110212312, reference: adjustment_reference
[2024-10-03 01:27:39] process_adjustment.php: Received data - product_id: 5, adjustment_quantity: 40, adjustment_reason: asd, barcode: 200110212312, reference: adjustment_reference
[2024-10-03 01:28:33] process_adjustment.php: Received data - product_id: 5, adjustment_quantity: -50, adjustment_reason: ad, barcode: 200110212312, reference: adjustment_reference
[2024-10-03 02:57:12] process_adjustment.php: Received data - product_id: 5, adjustment_quantity: -5, adjustment_reason: 120 dapat yan, barcode: 200110212312, reference: adjustment_reference
[2024-10-03 06:40:53] process_adjustment.php: Received data - product_id: 14, adjustment_quantity: 40, adjustment_reason: kjihg, barcode: 0996745342, reference: adjustment_reference
[2024-10-03 06:41:47] process_adjustment.php: Received data - product_id: 14, adjustment_quantity: 60, adjustment_reason: asdasdasdasd, barcode: 0996745342, reference: adjustment_reference
[2024-10-03 06:44:42] process_adjustment.php: Received data - product_id: 15, adjustment_quantity: 50, adjustment_reason: azxc, barcode: 200110212312, reference: adjustment_reference
[2024-10-03 06:45:44] process_adjustment.php: Received data - product_id: 15, adjustment_quantity: 50, adjustment_reason: zxc, barcode: 200110212312, reference: adjustment_reference
[2024-10-03 06:47:02] process_adjustment.php: Received data - product_id: 15, adjustment_quantity: -25, adjustment_reason: sobra ng 25 sa putanginang stock entry, barcode: 200110212312, reference: adjustment_reference
[2024-10-03 06:58:39] process_adjustment.php: Received data - product_id: 15, adjustment_quantity: 25, adjustment_reason: awit sayo man
, barcode: 200110212312, reference: adjustment_reference
[2024-10-03 07:20:35] process_adjustment.php: Received data - product_id: 15, adjustment_quantity: 50, adjustment_reason: kasi toyo ka nognog, barcode: 200110212312, reference: adjustment_reference
[2024-10-03 07:22:19] process_adjustment.php: Received data - product_id: 15, adjustment_quantity: 50, adjustment_reason: 150 na yan, barcode: 200110212312, reference: adjustment_reference
[2024-10-03 07:34:29] process_adjustment.php: Received data - product_id: 15, adjustment_quantity: 50, adjustment_reason: 200 na yan boss, barcode: 200110212312, reference: adjustment_reference
[2024-10-03 07:53:50] process_adjustment.php: Received data - product_id: 15, adjustment_quantity: 50, adjustment_reason: 500 yan, barcode: 200110212312, reference: adjustment_reference
[2024-10-03 07:54:15] process_adjustment.php: Received data - product_id: 15, adjustment_quantity: 50, adjustment_reason: 450 nalang boss, barcode: 200110212312, reference: adjustment_reference
[2024-10-03 07:54:35] process_adjustment.php: Received data - product_id: 15, adjustment_quantity: -100, adjustment_reason: 450, barcode: 200110212312, reference: adjustment_reference
[2024-10-03 08:02:09] process_adjustment.php: Received data - product_id: 19, adjustment_quantity: -50, adjustment_reason: okay, barcode: 195243500438, reference: adjustment_reference
[2024-10-03 09:15:19] process_adjustment.php: Received data - product_id: 15, adjustment_quantity: -50, adjustment_reason: kasi pukingina, barcode: 200110212312, reference: adjustment_reference
[2024-10-03 09:15:35] process_adjustment.php: Received data - product_id: 19, adjustment_quantity: 25, adjustment_reason: asd, barcode: 195243500438, reference: adjustment_reference
[2024-10-03 09:15:54] process_adjustment.php: Received data - product_id: 19, adjustment_quantity: -25, adjustment_reason: kasi sobra ng 25 bobo ka ba!, barcode: 195243500438, reference: adjustment_reference
[2024-10-05 18:08:28] process_adjustment.php: Received data - product_id: 15, adjustment_quantity: 7, adjustment_reason: dagdag lang man, barcode: 200110212312, reference: adjustment_reference
[2024-10-05 18:08:45] process_adjustment.php: Received data - product_id: 15, adjustment_quantity: 5, adjustment_reason: ASD, barcode: 200110212312, reference: adjustment_reference
[2024-10-05 18:12:38] process_adjustment.php: Received data - product_id: 15, adjustment_quantity: -10, adjustment_reason: asd, barcode: 200110212312, reference: adjustment_reference
